Arguments: 
  C:\Program Files\nodejs\node.exe C:\Users\halil\AppData\Roaming\npm\node_modules\yarn\bin\yarn.js add nodemoon

PATH: 
  C:\cmder\bin;C:\cmder\vendor\bin;C:\WINDOWS\system32;C:\WINDOWS;C:\WINDOWS\System32\Wbem;C:\WINDOWS\System32\WindowsPowerShell\v1.0\;C:\WINDOWS\System32\OpenSSH\;C:\ProgramData\chocolatey\bin;C:\Program Files\nodejs\;C:\Program Files (x86)\NVIDIA Corporation\PhysX\Common;C:\Program Files\Git\cmd;C:\Users\halil\AppData\Local\Microsoft\WindowsApps;C:\Users\halil\AppData\Local\Programs\Microsoft VS Code\bin;C:\Users\halil\AppData\Roaming\npm;C:\Program Files\Git\cmd;C:\Program Files\Git\mingw64\bin;C:\Program Files\Git\usr\bin;C:\cmder

Yarn version: 
  1.21.0

Node version: 
  12.10.0

Platform: 
  win32 x64

Trace: 
  Error: https://registry.yarnpkg.com/nodemoon: Not found
      at Request.params.callback [as _callback] (C:\Users\halil\AppData\Roaming\npm\node_modules\yarn\lib\cli.js:66938:18)
      at Request.self.callback (C:\Users\halil\AppData\Roaming\npm\node_modules\yarn\lib\cli.js:140622:22)
      at Request.emit (events.js:209:13)
      at Request.<anonymous> (C:\Users\halil\AppData\Roaming\npm\node_modules\yarn\lib\cli.js:141594:10)
      at Request.emit (events.js:209:13)
      at IncomingMessage.<anonymous> (C:\Users\halil\AppData\Roaming\npm\node_modules\yarn\lib\cli.js:141516:12)
      at Object.onceWrapper (events.js:298:28)
      at IncomingMessage.emit (events.js:214:15)
      at endReadableNT (_stream_readable.js:1178:12)
      at processTicksAndRejections (internal/process/task_queues.js:80:21)

npm manifest: 
  {
    "dependencies": {
      "dotenv": "^8.2.0"
    }
  }

yarn manifest: 
  No manifest

Lockfile: 
  # THIS IS AN AUTOGENERATED FILE. DO NOT EDIT THIS FILE DIRECTLY.
  # yarn lockfile v1
  
  
  dotenv@^8.2.0:
    version "8.2.0"
    resolved "https://registry.yarnpkg.com/dotenv/-/dotenv-8.2.0.tgz#97e619259ada750eea3e4ea3e26bceea5424b16a"
    integrity sha512-8sJ78ElpbDJBHNeBzUbUVLsqKdccaa/BXF1uPTw3GrvQTBgrQrtObr2mUrE38vzYd8cEv+m/JBfDLioYcfXoaw==
